Using pre-set license
Built from '2020.3/staging' branch; Version is '2020.3.18f1 (a7d1c678663c) revision 10998214'; Using compiler version '192528614'; Build Type 'Release'
OS: 'Windows 10 Pro; OS build 19042.1237; Version 2009; 64bit' Language: 'de' Physical Memory: 16204 MB
BatchMode: 1, IsHumanControllingUs: 0, StartBugReporterOnCrash: 0, Is64bit: 1, IsPro: 0

COMMAND LINE ARGUMENTS:
C:\Program Files\Unity\Hub\Editor\2020.3.18f1\Editor\Unity.exe
-adb2
-batchMode
-noUpm
-name
AssetImportWorker0
-projectPath
C:/Users/Haselmann/ownCloud4/Unity/Museum
-logFile
Logs/AssetImportWorker0.log
-srvPort
51824
Successfully changed project path to: C:/Users/Haselmann/ownCloud4/Unity/Museum
C:/Users/Haselmann/ownCloud4/Unity/Museum
Using Asset Import Pipeline V2.
Refreshing native plugins compatible for Editor in 74.57 ms, found 6 plugins.
Preloading 1 native plugins for Editor in 0.75 ms.
Initialize engine version: 2020.3.18f1 (a7d1c678663c)
[Subsystems] Discovering subsystems at path C:/Program Files/Unity/Hub/Editor/2020.3.18f1/Editor/Data/Resources/UnitySubsystems
[Subsystems] Discovering subsystems at path C:/Users/Haselmann/ownCloud4/Unity/Museum/Assets
GfxDevice: creating device client; threaded=0
Direct3D:
    Version:  Direct3D 11.0 [level 11.1]
    Renderer: Intel(R) UHD Graphics 620 (ID=0x3ea0)
    Vendor:   
    VRAM:     8102 MB
    Driver:   27.20.100.8935
Shader 'Oculus/OVRMRCameraFrameLit': fallback shader 'Alpha-Diffuse' not found
Initialize mono
Mono path[0] = 'C:/Program Files/Unity/Hub/Editor/2020.3.18f1/Editor/Data/Managed'
Mono path[1] = 'C:/Program Files/Unity/Hub/Editor/2020.3.18f1/Editor/Data/MonoBleedingEdge/lib/mono/unityjit'
Mono config path = 'C:/Program Files/Unity/Hub/Editor/2020.3.18f1/Editor/Data/MonoBleedingEdge/etc'
Using monoOptions --debugger-agent=transport=dt_socket,embedding=1,server=y,suspend=n,address=127.0.0.1:56072
Begin MonoManager ReloadAssembly
Registering precompiled unity dll's ...
Register platform support module: C:/Program Files/Unity/Hub/Editor/2020.3.18f1/Editor/Data/PlaybackEngines/WindowsStandaloneSupport/UnityEditor.WindowsStandalone.Extensions.dll
Registered in 0.002296 seconds.
Native extension for WindowsStandalone target not found
Refreshing native plugins compatible for Editor in 78.65 ms, found 6 plugins.
Preloading 1 native plugins for Editor in 0.08 ms.
Mono: successfully reloaded assembly
- Completed reload, in  2.463 seconds
Domain Reload Profiling:
	ReloadAssembly (2463ms)
		BeginReloadAssembly (58ms)
			ExecutionOrderSort (0ms)
			DisableScriptedObjects (0ms)
			BackupInstance (0ms)
			ReleaseScriptingObjects (0ms)
			CreateAndSetChildDomain (1ms)
		EndReloadAssembly (625ms)
			LoadAssemblies (56ms)
			RebuildTransferFunctionScriptingTraits (0ms)
			SetupTypeCache (212ms)
			ReleaseScriptCaches (0ms)
			RebuildScriptCaches (43ms)
			SetupLoadedEditorAssemblies (274ms)
				LogAssemblyErrors (0ms)
				InitializePlatformSupportModulesInManaged (6ms)
				SetLoadedEditorAssemblies (0ms)
				RefreshPlugins (79ms)
				BeforeProcessingInitializeOnLoad (22ms)
				ProcessInitializeOnLoadAttributes (125ms)
				ProcessInitializeOnLoadMethodAttributes (41ms)
				AfterProcessingInitializeOnLoad (0ms)
				EditorAssembliesLoaded (0ms)
			ExecutionOrderSort2 (0ms)
			AwakeInstancesAfterBackupRestoration (0ms)
Platform modules already initialized, skipping
Registering precompiled user dll's ...
Registered in 0.005661 seconds.
Begin MonoManager ReloadAssembly
Native extension for WindowsStandalone target not found
Refreshing native plugins compatible for Editor in 1.08 ms, found 6 plugins.
Preloading 1 native plugins for Editor in 0.13 ms.
[XR] OculusXRPlugin: registering subsystems
[XR] Unable to register display lifecyle provider: [1]
[XR] Oculus Input lifecycle provider registered.
[XR] Unable to register input lifecyle provider: [1]
[XR] OVRP version 1.64.0
Mono: successfully reloaded assembly
- Completed reload, in  2.182 seconds
Domain Reload Profiling:
	ReloadAssembly (2184ms)
		BeginReloadAssembly (224ms)
			ExecutionOrderSort (0ms)
			DisableScriptedObjects (6ms)
			BackupInstance (0ms)
			ReleaseScriptingObjects (0ms)
			CreateAndSetChildDomain (27ms)
		EndReloadAssembly (1832ms)
			LoadAssemblies (162ms)
			RebuildTransferFunctionScriptingTraits (0ms)
			SetupTypeCache (671ms)
			ReleaseScriptCaches (1ms)
			RebuildScriptCaches (112ms)
			SetupLoadedEditorAssemblies (644ms)
				LogAssemblyErrors (0ms)
				InitializePlatformSupportModulesInManaged (8ms)
				SetLoadedEditorAssemblies (1ms)
				RefreshPlugins (1ms)
				BeforeProcessingInitializeOnLoad (189ms)
				ProcessInitializeOnLoadAttributes (417ms)
				ProcessInitializeOnLoadMethodAttributes (18ms)
				AfterProcessingInitializeOnLoad (10ms)
				EditorAssembliesLoaded (0ms)
			ExecutionOrderSort2 (0ms)
			AwakeInstancesAfterBackupRestoration (12ms)
Platform modules already initialized, skipping
========================================================================
Worker process is ready to serve import requests
Shader 'Oculus/OVRMRCameraFrameLit': fallback shader 'Alpha-Diffuse' not found
Launched and connected shader compiler UnityShaderCompiler.exe after 0.15 seconds
Refreshing native plugins compatible for Editor in 1.08 ms, found 6 plugins.
Preloading 1 native plugins for Editor in 0.13 ms.
Unloading 2084 Unused Serialized files (Serialized files now loaded: 0)
System memory in use before: 100.7 MB.
System memory in use after: 100.8 MB.

Unloading 42 unused Assets to reduce memory usage. Loaded Objects now: 2507.
Total: 4.948100 ms (FindLiveObjects: 0.290700 ms CreateObjectMapping: 0.142600 ms MarkObjects: 4.348800 ms  DeleteObjects: 0.164100 ms)

AssetImportParameters requested are different than current active one (requested -> active):
  custom:framework-win-MediaFoundation: 216162199b28c13a410421893ffa2e32 -> 
  custom:video-decoder-ogg-theora: a1e56fd34408186e4bbccfd4996cb3dc -> 
  custom:container-muxer-webm: aa71ff27fc2769a1b78a27578f13a17b -> 
  custom:container-demuxer-webm: 4f35f7cbe854078d1ac9338744f61a02 -> 
  custom:container-demuxer-ogg: 62fdf1f143b41e24485cea50d1cbac27 -> 
  custom:video-encoder-webm-vp8: eb34c28f22e8b96e1ab97ce403110664 -> 
  custom:video-codec-MediaFoundation-h265: 746d11721c4dcdbdad8f713fa42b33f4 -> 
  custom:video-decoder-webm-vp8: 9c59270c3fd7afecdb556c50c9e8de78 -> 
  custom:audio-decoder-ogg-vorbis: bf7c407c2cedff20999df2af8eb42d56 -> 
  custom:audio-encoder-webm-vorbis: bf7c407c2cedff20999df2af8eb42d56 -> 
========================================================================
Received Import Request.
  path: Assets/CustomMat/ColumnGlow2.mat
  artifactKey: Guid(2cd19e10413487d44a2eed3f39261af5) Importer(815301076,1909f56bfc062723c751e8b465ee728b)
Start importing Assets/CustomMat/ColumnGlow2.mat using Guid(2cd19e10413487d44a2eed3f39261af5) Importer(815301076,1909f56bfc062723c751e8b465ee728b)  -> (artifact id: '070c881cdc415d32482979820abc578b') in 0.184705 seconds 
  Import took 0.189646 seconds .

========================================================================
Received Import Request.
  Time since last request: 4.131036 seconds.
  path: Assets/CustomMat/New Material.mat
  artifactKey: Guid(9ed65704392edec48b85d5c6561c5126) Importer(815301076,1909f56bfc062723c751e8b465ee728b)
Start importing Assets/CustomMat/New Material.mat using Guid(9ed65704392edec48b85d5c6561c5126) Importer(815301076,1909f56bfc062723c751e8b465ee728b)  -> (artifact id: '55802ac12ee6955972baea031747969f') in 0.024034 seconds 
  Import took 0.028362 seconds .

========================================================================
Received Import Request.
  Time since last request: 10.821768 seconds.
  path: Assets/CustomMat/Room.mat
  artifactKey: Guid(9ed65704392edec48b85d5c6561c5126) Importer(815301076,1909f56bfc062723c751e8b465ee728b)
Start importing Assets/CustomMat/Room.mat using Guid(9ed65704392edec48b85d5c6561c5126) Importer(815301076,1909f56bfc062723c751e8b465ee728b)  -> (artifact id: 'a98db8ea5d9670565d18d8c91da651b9') in 0.022229 seconds 
  Import took 0.026794 seconds .

========================================================================
Received Import Request.
  Time since last request: 256.207528 seconds.
  path: Assets/CustomMat/Room.mat
  artifactKey: Guid(9ed65704392edec48b85d5c6561c5126) Importer(815301076,1909f56bfc062723c751e8b465ee728b)
Start importing Assets/CustomMat/Room.mat using Guid(9ed65704392edec48b85d5c6561c5126) Importer(815301076,1909f56bfc062723c751e8b465ee728b)  -> (artifact id: 'e6eb9cf4ec04f7e1be447c96041bc19a') in 0.026970 seconds 
  Import took 0.034310 seconds .

========================================================================
Received Import Request.
  Time since last request: 429.620176 seconds.
  path: Assets/Models/Switch/switch.blend
  artifactKey: Guid(7821b171a0f0bcb40808a8956f70f324) Importer(815301076,1909f56bfc062723c751e8b465ee728b)
Start importing Assets/Models/Switch/switch.blend using Guid(7821b171a0f0bcb40808a8956f70f324) Importer(815301076,1909f56bfc062723c751e8b465ee728b)  -> (artifact id: 'c4cfdf6154136b513d1ffc35969637da') in 0.091481 seconds 
  Import took 0.096268 seconds .

========================================================================
Received Import Request.
  Time since last request: 81.394091 seconds.
  path: Assets/Oculus/SampleFramework/Core/HandsInteraction/Materials/DefaultHandMaterial.mat
  artifactKey: Guid(8f92ce6a2e9e04e458f46e6a635b1d62) Importer(815301076,1909f56bfc062723c751e8b465ee728b)
Start importing Assets/Oculus/SampleFramework/Core/HandsInteraction/Materials/DefaultHandMaterial.mat using Guid(8f92ce6a2e9e04e458f46e6a635b1d62) Importer(815301076,1909f56bfc062723c751e8b465ee728b)  -> (artifact id: '8d74ed0c5bb1d1a8d7b4db62ffa7d1b2') in 0.077241 seconds 
  Import took 0.085678 seconds .

========================================================================
Received Import Request.
  Time since last request: 2030.273811 seconds.
  path: Assets/CustomMat/Room.mat
  artifactKey: Guid(9ed65704392edec48b85d5c6561c5126) Importer(815301076,1909f56bfc062723c751e8b465ee728b)
Start importing Assets/CustomMat/Room.mat using Guid(9ed65704392edec48b85d5c6561c5126) Importer(815301076,1909f56bfc062723c751e8b465ee728b)  -> (artifact id: '8fa5ceeaf7ef8cd8458bfa5b33c0ce62') in 0.015808 seconds 
  Import took 0.020225 seconds .

========================================================================
Received Import Request.
  Time since last request: 45.951550 seconds.
  path: Assets/Models/Goldfish
  artifactKey: Guid(ebd56c53c57a0fb4a87dd22f1c8055cd) Importer(815301076,1909f56bfc062723c751e8b465ee728b)
Start importing Assets/Models/Goldfish using Guid(ebd56c53c57a0fb4a87dd22f1c8055cd) Importer(815301076,1909f56bfc062723c751e8b465ee728b)  -> (artifact id: '5f7a2e1b14457a8b025ff88f4ecffd33') in 0.009190 seconds 
  Import took 0.013005 seconds .

========================================================================
Received Import Request.
  Time since last request: 0.034164 seconds.
  path: Assets/Models/Goldfish/goldfish_animated.fbx
  artifactKey: Guid(901e2665404af69428b2cad90c48c7cb) Importer(815301076,1909f56bfc062723c751e8b465ee728b)
Start importing Assets/Models/Goldfish/goldfish_animated.fbx using Guid(901e2665404af69428b2cad90c48c7cb) Importer(815301076,1909f56bfc062723c751e8b465ee728b)  -> (artifact id: '41fe2f21acad2391592df1b70a6b84f6') in 0.068698 seconds 
  Import took 0.072891 seconds .

========================================================================
Received Import Request.
  Time since last request: 170.985636 seconds.
  path: Assets/CustomMat/Fish.mat
  artifactKey: Guid(937e59735d5d4b047a05953941184de5) Importer(815301076,1909f56bfc062723c751e8b465ee728b)
Start importing Assets/CustomMat/Fish.mat using Guid(937e59735d5d4b047a05953941184de5) Importer(815301076,1909f56bfc062723c751e8b465ee728b)  -> (artifact id: 'e656c09af96e20e126155fe2434f9ffb') in 0.021150 seconds 
  Import took 0.026307 seconds .

========================================================================
Received Import Request.
  Time since last request: 218.349530 seconds.
  path: Assets/AnimatorController/Fish.controller
  artifactKey: Guid(3ee58eead93e5d34b9db57bcca416ce7) Importer(815301076,1909f56bfc062723c751e8b465ee728b)
Start importing Assets/AnimatorController/Fish.controller using Guid(3ee58eead93e5d34b9db57bcca416ce7) Importer(815301076,1909f56bfc062723c751e8b465ee728b)  -> (artifact id: '7ccfdab77caebad65f50be3743c013fa') in 0.010496 seconds 
  Import took 0.014380 seconds .

========================================================================
Received Prepare
Registering precompiled user dll's ...
Registered in 0.007322 seconds.
Begin MonoManager ReloadAssembly
Native extension for WindowsStandalone target not found
Refreshing native plugins compatible for Editor in 1.17 ms, found 6 plugins.
Preloading 1 native plugins for Editor in 0.13 ms.
Mono: successfully reloaded assembly
- Completed reload, in  2.738 seconds
Domain Reload Profiling:
	ReloadAssembly (2739ms)
		BeginReloadAssembly (179ms)
			ExecutionOrderSort (0ms)
			DisableScriptedObjects (5ms)
			BackupInstance (0ms)
			ReleaseScriptingObjects (0ms)
			CreateAndSetChildDomain (72ms)
		EndReloadAssembly (2468ms)
			LoadAssemblies (134ms)
			RebuildTransferFunctionScriptingTraits (0ms)
			SetupTypeCache (939ms)
			ReleaseScriptCaches (1ms)
			RebuildScriptCaches (124ms)
			SetupLoadedEditorAssemblies (946ms)
				LogAssemblyErrors (0ms)
				InitializePlatformSupportModulesInManaged (18ms)
				SetLoadedEditorAssemblies (1ms)
				RefreshPlugins (1ms)
				BeforeProcessingInitializeOnLoad (236ms)
				ProcessInitializeOnLoadAttributes (658ms)
				ProcessInitializeOnLoadMethodAttributes (16ms)
				AfterProcessingInitializeOnLoad (14ms)
				EditorAssembliesLoaded (1ms)
			ExecutionOrderSort2 (0ms)
			AwakeInstancesAfterBackupRestoration (16ms)
Platform modules already initialized, skipping
Shader 'Oculus/OVRMRCameraFrameLit': fallback shader 'Alpha-Diffuse' not found
Refreshing native plugins compatible for Editor in 1.00 ms, found 6 plugins.
Preloading 1 native plugins for Editor in 0.10 ms.
Unloading 2015 Unused Serialized files (Serialized files now loaded: 0)
System memory in use before: 112.0 MB.
System memory in use after: 112.1 MB.

Unloading 38 unused Assets to reduce memory usage. Loaded Objects now: 2554.
Total: 3.811000 ms (FindLiveObjects: 0.237000 ms CreateObjectMapping: 0.090700 ms MarkObjects: 3.443300 ms  DeleteObjects: 0.038600 ms)

AssetImportParameters requested are different than current active one (requested -> active):
  custom:framework-win-MediaFoundation: 216162199b28c13a410421893ffa2e32 -> 
  custom:video-decoder-ogg-theora: a1e56fd34408186e4bbccfd4996cb3dc -> 
  custom:container-muxer-webm: aa71ff27fc2769a1b78a27578f13a17b -> 
  custom:container-demuxer-webm: 4f35f7cbe854078d1ac9338744f61a02 -> 
  custom:container-demuxer-ogg: 62fdf1f143b41e24485cea50d1cbac27 -> 
  custom:video-encoder-webm-vp8: eb34c28f22e8b96e1ab97ce403110664 -> 
  custom:video-codec-MediaFoundation-h265: 746d11721c4dcdbdad8f713fa42b33f4 -> 
  custom:video-decoder-webm-vp8: 9c59270c3fd7afecdb556c50c9e8de78 -> 
  custom:audio-decoder-ogg-vorbis: bf7c407c2cedff20999df2af8eb42d56 -> 
  custom:audio-encoder-webm-vorbis: bf7c407c2cedff20999df2af8eb42d56 -> 
========================================================================
Received Import Request.
  Time since last request: 178.020879 seconds.
  path: Assets/Models/Goldfish/goldfish_animated.fbx
  artifactKey: Guid(901e2665404af69428b2cad90c48c7cb) Importer(815301076,1909f56bfc062723c751e8b465ee728b)
Start importing Assets/Models/Goldfish/goldfish_animated.fbx using Guid(901e2665404af69428b2cad90c48c7cb) Importer(815301076,1909f56bfc062723c751e8b465ee728b)  -> (artifact id: '419b59aa27f49a0e1f54254e611137e9') in 0.093984 seconds 
  Import took 0.097511 seconds .

========================================================================
Received Import Request.
  Time since last request: 0.027203 seconds.
  path: Assets/Models/Goldfish/goldfish_animated.fbx
  artifactKey: Guid(901e2665404af69428b2cad90c48c7cb) Importer(815301076,1909f56bfc062723c751e8b465ee728b)
Start importing Assets/Models/Goldfish/goldfish_animated.fbx using Guid(901e2665404af69428b2cad90c48c7cb) Importer(815301076,1909f56bfc062723c751e8b465ee728b)  -> (artifact id: '419b59aa27f49a0e1f54254e611137e9') in 0.029937 seconds 
  Import took 0.034719 seconds .

========================================================================
Received Prepare
Registering precompiled user dll's ...
Registered in 0.004001 seconds.
Begin MonoManager ReloadAssembly
Native extension for WindowsStandalone target not found
Refreshing native plugins compatible for Editor in 0.71 ms, found 6 plugins.
Preloading 1 native plugins for Editor in 0.08 ms.
Mono: successfully reloaded assembly
- Completed reload, in  1.010 seconds
Domain Reload Profiling:
	ReloadAssembly (1011ms)
		BeginReloadAssembly (110ms)
			ExecutionOrderSort (0ms)
			DisableScriptedObjects (6ms)
			BackupInstance (0ms)
			ReleaseScriptingObjects (0ms)
			CreateAndSetChildDomain (38ms)
		EndReloadAssembly (834ms)
			LoadAssemblies (85ms)
			RebuildTransferFunctionScriptingTraits (0ms)
			SetupTypeCache (301ms)
			ReleaseScriptCaches (1ms)
			RebuildScriptCaches (40ms)
			SetupLoadedEditorAssemblies (301ms)
				LogAssemblyErrors (0ms)
				InitializePlatformSupportModulesInManaged (5ms)
				SetLoadedEditorAssemblies (0ms)
				RefreshPlugins (1ms)
				BeforeProcessingInitializeOnLoad (79ms)
				ProcessInitializeOnLoadAttributes (203ms)
				ProcessInitializeOnLoadMethodAttributes (7ms)
				AfterProcessingInitializeOnLoad (5ms)
				EditorAssembliesLoaded (0ms)
			ExecutionOrderSort2 (0ms)
			AwakeInstancesAfterBackupRestoration (7ms)
Platform modules already initialized, skipping
Shader 'Oculus/OVRMRCameraFrameLit': fallback shader 'Alpha-Diffuse' not found
Refreshing native plugins compatible for Editor in 0.72 ms, found 6 plugins.
Preloading 1 native plugins for Editor in 0.06 ms.
Unloading 2015 Unused Serialized files (Serialized files now loaded: 0)
System memory in use before: 112.0 MB.
System memory in use after: 112.2 MB.

Unloading 38 unused Assets to reduce memory usage. Loaded Objects now: 2558.
Total: 3.142000 ms (FindLiveObjects: 0.219400 ms CreateObjectMapping: 0.095500 ms MarkObjects: 2.794000 ms  DeleteObjects: 0.031900 ms)

AssetImportParameters requested are different than current active one (requested -> active):
  custom:framework-win-MediaFoundation: 216162199b28c13a410421893ffa2e32 -> 
  custom:video-decoder-ogg-theora: a1e56fd34408186e4bbccfd4996cb3dc -> 
  custom:container-muxer-webm: aa71ff27fc2769a1b78a27578f13a17b -> 
  custom:container-demuxer-webm: 4f35f7cbe854078d1ac9338744f61a02 -> 
  custom:container-demuxer-ogg: 62fdf1f143b41e24485cea50d1cbac27 -> 
  custom:video-encoder-webm-vp8: eb34c28f22e8b96e1ab97ce403110664 -> 
  custom:video-codec-MediaFoundation-h265: 746d11721c4dcdbdad8f713fa42b33f4 -> 
  custom:video-decoder-webm-vp8: 9c59270c3fd7afecdb556c50c9e8de78 -> 
  custom:audio-decoder-ogg-vorbis: bf7c407c2cedff20999df2af8eb42d56 -> 
  custom:audio-encoder-webm-vorbis: bf7c407c2cedff20999df2af8eb42d56 -> 
AssetImportWorkerClient::OnTransportError - code=2 error=End of file
